build/app/outputs/mapping/release/seeds.txt
com.example.grapes_lesions_detection.MainActivity
com.example.grapes_lesions_detection.MainActivity: MainActivity()
...
androidx.window.core.Bounds: int top
androidx.window.layout.SidecarWindowBackend: java.util.concurrent.CopyOnWriteArrayList windowLayoutChangeCallbacks
androidx.window.embedding.EmbeddingCompat: java.lang.String TAG
androidx.window.embedding.ExtensionEmbeddingBackend: java.util.concurrent.CopyOnWriteArrayList splitChangeCallbacks
androidx.lifecycle.Lifecycle$Event: androidx.lifecycle.Lifecycle$Event$Companion Companion
io.flutter.embedding.engine.renderer.FlutterRenderer$ImageReaderSurfaceProducer: int requestedHeight
androidx.window.layout.SidecarCompat$DistinctSidecarElementCallback: androidx.window.sidecar.SidecarDeviceState lastDeviceState
kotlinx.coroutines.internal.LockFreeTaskQueueCore: java.lang.Object _next
androidx.window.R$styleable: int SplitPlaceholderRule_splitMinWidth
androidx.window.embedding.ActivityStack: boolean isEmpty
androidx.window.layout.SidecarCompat$DistinctElementCallback: java.util.concurrent.locks.ReentrantLock lock
io.flutter.embedding.engine.FlutterJNI: io.flutter.embedding.engine.FlutterJNI$AsyncWaitForVsyncDelegate asyncWaitForVsyncDelegate
io.flutter.view.AccessibilityViewEmbedder: java.util.Map originToFlutterId
androidx.window.embedding.EmbeddingTranslatingCallback: androidx.window.embedding.EmbeddingAdapter adapter
androidx.window.layout.SidecarCompat$DistinctSidecarElementCallback: androidx.window.sidecar.SidecarInterface$SidecarCallback callbackInterface
kotlinx.coroutines.channels.AbstractSendChannel: java.lang.Object onCloseHandler
kotlinx.coroutines.DefaultExecutor: java.lang.Thread _thread
io.flutter.embedding.engine.FlutterJNI: io.flutter.embedding.engine.dart.PlatformMessageHandler platformMessageHandler
kotlinx.coroutines.internal.ThreadSafeHeap: int _size
androidx.window.R$styleable: int[] SplitPairFilter
androidx.window.embedding.ExtensionEmbeddingBackend$EmbeddingCallbackImpl: java.util.List lastInfo
io.flutter.view.AccessibilityViewEmbedder: int nextFlutterId
io.flutter.plugin.editing.ImeSyncDeferringInsetsCallback: io.flutter.plugin.editing.ImeSyncDeferringInsetsCallback$ImeVisibleListener imeVisibleListener
kotlin.coroutines.jvm.internal.BaseContinuationImpl: kotlin.coroutines.Continuation completion
androidx.window.layout.WindowInfoTracker$Companion: androidx.window.layout.WindowInfoTracker$Companion $$INSTANCE
androidx.window.R$attr: int alwaysExpand
io.flutter.view.AccessibilityViewEmbedder: io.flutter.view.AccessibilityViewEmbedder$ReflectionAccessors reflectionAccessors
androidx.window.R$attr: int activityName
androidx.window.R$styleable: int SplitPairRule_splitMinSmallestWidth
io.flutter.view.AccessibilityViewEmbedder: android.util.SparseArray flutterIdToOrigin
androidx.window.embedding.SplitInfo: float splitRatio
io.flutter.embedding.engine.FlutterJNI: java.lang.String TAG
androidx.window.layout.WindowInfoTracker$Companion: boolean DEBUG
kotlinx.coroutines.scheduling.CoroutineScheduler$Worker: java.lang.Object nextParkedWorker
androidx.lifecycle.Lifecycle$Event: androidx.lifecycle.Lifecycle$Event ON_PAUSE
io.flutter.embedding.engine.mutatorsstack.FlutterMutatorsStack: android.graphics.Matrix finalMatrix
androidx.window.R$styleable: int SplitPairRule_splitMinWidth
io.flutter.embedding.engine.FlutterOverlaySurface: int id
androidx.window.embedding.SplitController: boolean sDebug
androidx.window.R$styleable: int ActivityFilter_activityName
androidx.window.layout.SidecarCompat: androidx.window.sidecar.SidecarInterface sidecar
androidx.window.embedding.EmbeddingCompat: androidx.window.extensions.embedding.ActivityEmbeddingComponent embeddingExtension
androidx.window.R$attr: int secondaryActivityName
kotlinx.coroutines.EventLoopImplBase: java.lang.Object _queue
io.flutter.embedding.engine.renderer.FlutterRenderer$ImageReaderSurfaceProducer: boolean released
io.flutter.embedding.engine.FlutterJNI: io.flutter.embedding.engine.deferredcomponents.DeferredComponentManager deferredComponentManager