build/app/outputs/mapping/release/mapping.txt
# compiler: R8
# compiler_version: 3.1.66
# min_api: 21
# pg_map_id: 940267e
# common_typos_disable
# {"id":"com.android.tools.r8.mapping","version":"1.0"}
...
kotlinx.coroutines.flow.internal.DownstreamExceptionContext -> m1.a:
    java.lang.Throwable e -> d
    kotlin.coroutines.CoroutineContext $$delegate_0 -> e
    kotlin.coroutines.CoroutineContext$Element get(kotlin.coroutines.CoroutineContext$Key) -> b
    java.lang.Object fold(java.lang.Object,kotlin.jvm.functions.Function2) -> c
    kotlin.coroutines.CoroutineContext plus(kotlin.coroutines.CoroutineContext) -> f
    kotlin.coroutines.CoroutineContext minusKey(kotlin.coroutines.CoroutineContext$Key) -> z
kotlinx.coroutines.flow.internal.NoOpContinuation -> m1.b:
    kotlinx.coroutines.flow.internal.NoOpContinuation INSTANCE -> d
    kotlin.coroutines.CoroutineContext context -> e
kotlinx.coroutines.flow.internal.SafeCollector -> m1.c:
    kotlin.coroutines.CoroutineContext lastEmissionContext -> g
    kotlin.coroutines.CoroutineContext collectContext -> e
    int collectContextSize -> f
    kotlinx.coroutines.flow.FlowCollector collector -> d
    kotlin.coroutines.Continuation completion -> h
    void checkContext(kotlin.coroutines.CoroutineContext,kotlin.coroutines.CoroutineContext,java.lang.Object) -> a
    java.lang.Object emit(kotlin.coroutines.Continuation,java.lang.Object) -> b
    void exceptionTransparencyViolated(kotlinx.coroutines.flow.internal.DownstreamExceptionContext,java.lang.Object) -> c
kotlinx.coroutines.flow.internal.SafeCollector$collectContextSize$1 -> m1.c$a:
    kotlinx.coroutines.flow.internal.SafeCollector$collectContextSize$1 INSTANCE -> d
    java.lang.Integer invoke(int,kotlin.coroutines.CoroutineContext$Element) -> a
kotlinx.coroutines.flow.internal.SafeCollectorKt -> m1.d:
    kotlin.jvm.functions.Function3 emitFun -> a
    kotlin.jvm.functions.Function3 access$getEmitFun$p() -> a
kotlinx.coroutines.flow.internal.SafeCollectorKt$emitFun$1 -> m1.d$a:
    kotlinx.coroutines.flow.internal.SafeCollectorKt$emitFun$1 INSTANCE -> d
    java.lang.Object invoke(kotlinx.coroutines.flow.FlowCollector,java.lang.Object,kotlin.coroutines.Continuation) -> b
    java.lang.Object invoke(java.lang.Object,java.lang.Object,java.lang.Object) -> f
kotlinx.coroutines.flow.internal.SafeCollector_commonKt -> m1.e:
    void checkContext(kotlinx.coroutines.flow.internal.SafeCollector,kotlin.coroutines.CoroutineContext) -> a
    kotlinx.coroutines.Job transitiveCoroutineParent(kotlinx.coroutines.Job,kotlinx.coroutines.Job) -> b
kotlinx.coroutines.flow.internal.SafeCollector_commonKt$checkContext$result$1 -> m1.e$a:
    kotlinx.coroutines.flow.internal.SafeCollector $this_checkContext -> d
    java.lang.Integer invoke(int,kotlin.coroutines.CoroutineContext$Element) -> a
kotlinx.coroutines.internal.ArrayQueue -> kotlinx.coroutines.internal.a:
    java.lang.Object[] elements -> a
    int head -> b
    int tail -> c
    void addLast(java.lang.Object) -> a
    void ensureCapacity() -> b
    boolean isEmpty() -> c
    java.lang.Object removeFirstOrNull() -> d
kotlinx.coroutines.internal.AtomicKt -> kotlinx.coroutines.internal.b:
    java.lang.Object RETRY_ATOMIC -> b
    java.lang.Object NO_DECISION -> a
kotlinx.coroutines.internal.AtomicOp -> kotlinx.coroutines.internal.c:
    java.util.concurrent.atomic.AtomicReferenceFieldUpdater _consensus$FU -> a
    kotlinx.coroutines.internal.AtomicOp getAtomicOp() -> a
    java.lang.Object perform(java.lang.Object) -> c
    void complete(java.lang.Object,java.lang.Object) -> d
    java.lang.Object decide(java.lang.Object) -> e
    long getOpSequence() -> f
    java.lang.Object prepare(java.lang.Object) -> g
kotlinx.coroutines.internal.ClassValueCtorCache -> kotlinx.coroutines.internal.d:
    kotlinx.coroutines.internal.ClassValueCtorCache INSTANCE -> a
    kotlinx.coroutines.internal.ClassValueCtorCache$cache$1 cache -> b
    kotlin.jvm.functions.Function1 get(java.lang.Class) -> a
kotlinx.coroutines.internal.ClassValueCtorCache$cache$1 -> kotlinx.coroutines.internal.d$a:
    kotlin.jvm.functions.Function1 computeValue(java.lang.Class) -> a