build/app/outputs/mapping/release/usage.txt
com.example.grapes_lesions_detection.BuildConfig
com.example.grapes_lesions_detection.R$attr
com.example.grapes_lesions_detection.R$color
com.example.grapes_lesions_detection.R$dimen
com.example.grapes_lesions_detection.R$drawable
com.example.grapes_lesions_detection.R$id
com.example.grapes_lesions_detection.R$integer
com.example.grapes_lesions_detection.R$layout
com.example.grapes_lesions_detection.R$mipmap
com.example.grapes_lesions_detection.R$string
com.example.grapes_lesions_detection.R$style
com.example.grapes_lesions_detection.R$styleable
com.example.grapes_lesions_detection.R$xml
com.example.grapes_lesions_detection.R
...
androidx.core.provider.DocumentsContractCompat$DocumentsContractApi21Impl
androidx.core.provider.DocumentsContractCompat$DocumentsContractApi24Impl
androidx.core.provider.DocumentsContractCompat
androidx.core.provider.FontProvider$Api16Impl
androidx.core.provider.FontProvider
androidx.core.provider.FontRequest
androidx.core.provider.FontRequestWorker$1
androidx.core.provider.FontRequestWorker$2
androidx.core.provider.FontRequestWorker$3
androidx.core.provider.FontRequestWorker$4
androidx.core.provider.FontRequestWorker$TypefaceResult
androidx.core.provider.FontRequestWorker
androidx.core.provider.FontsContractCompat$Columns
androidx.core.provider.FontsContractCompat$FontFamilyResult
androidx.core.provider.FontsContractCompat$FontInfo
androidx.core.provider.FontsContractCompat$FontRequestCallback$FontRequestFailReason
androidx.core.provider.FontsContractCompat$FontRequestCallback
androidx.core.provider.FontsContractCompat
androidx.core.provider.RequestExecutor$DefaultThreadFactory$ProcessPriorityThread
androidx.core.provider.RequestExecutor$DefaultThreadFactory
androidx.core.provider.RequestExecutor$HandlerExecutor
androidx.core.provider.RequestExecutor$ReplyRunnable$1
androidx.core.provider.RequestExecutor$ReplyRunnable
androidx.core.provider.RequestExecutor
androidx.core.provider.SelfDestructiveThread$1
androidx.core.provider.SelfDestructiveThread$2$1
androidx.core.provider.SelfDestructiveThread$2
androidx.core.provider.SelfDestructiveThread$3
androidx.core.provider.SelfDestructiveThread$ReplyCallback
androidx.core.provider.SelfDestructiveThread
androidx.core.telephony.SubscriptionManagerCompat$Api29Impl
androidx.core.telephony.SubscriptionManagerCompat
androidx.core.telephony.TelephonyManagerCompat$Api23Impl
androidx.core.telephony.TelephonyManagerCompat$Api26Impl
androidx.core.telephony.TelephonyManagerCompat$Api30Impl
androidx.core.telephony.TelephonyManagerCompat
androidx.core.telephony.mbms.MbmsHelper$Api28Impl
androidx.core.telephony.mbms.MbmsHelper
androidx.core.text.BidiFormatter$Builder
androidx.core.text.BidiFormatter$DirectionalityEstimator
androidx.core.text.BidiFormatter
androidx.core.text.CharSequenceKt
androidx.core.text.HtmlCompat$Api24Impl
androidx.core.text.HtmlCompat
androidx.core.text.HtmlKt
androidx.core.text.ICUCompat$Api21Impl
androidx.core.text.ICUCompat$Api24Impl
androidx.core.text.ICUCompat
androidx.core.text.LocaleKt
androidx.core.text.PrecomputedTextCompat$Params$Builder
androidx.core.text.PrecomputedTextCompat$Params
androidx.core.text.PrecomputedTextCompat$PrecomputedTextFutureTask$PrecomputedTextCallback
androidx.core.text.PrecomputedTextCompat$PrecomputedTextFutureTask
androidx.core.text.PrecomputedTextCompat
androidx.core.text.SpannableStringBuilderKt
androidx.core.text.SpannableStringKt
androidx.core.text.SpannedStringKt
androidx.core.text.StringKt
androidx.core.text.TextDirectionHeuristicCompat
androidx.core.text.TextDirectionHeuristicsCompat$AnyStrong
androidx.core.text.TextDirectionHeuristicsCompat$FirstStrong
androidx.core.text.TextDirectionHeuristicsCompat$TextDirectionAlgorithm
androidx.core.text.TextDirectionHeuristicsCompat$TextDirectionHeuristicImpl
androidx.core.text.TextDirectionHeuristicsCompat$TextDirectionHeuristicInternal
androidx.core.text.TextDirectionHeuristicsCompat$TextDirectionHeuristicLocale
androidx.core.text.TextDirectionHeuristicsCompat
androidx.core.text.TextUtilsCompat$Api17Impl
androidx.core.text.TextUtilsCompat
androidx.core.text.util.FindAddress$ZipRange
androidx.core.text.util.FindAddress
androidx.core.text.util.LinkifyCompat$Api24Impl
androidx.core.text.util.LinkifyCompat$LinkSpec
androidx.core.text.util.LinkifyCompat$LinkifyMask
androidx.core.text.util.LinkifyCompat
androidx.core.transition.TransitionKt$addListener$1
androidx.core.transition.TransitionKt$addListener$2
androidx.core.transition.TransitionKt$addListener$3
androidx.core.transition.TransitionKt$addListener$4
androidx.core.transition.TransitionKt$addListener$5